Traceback (most recent call last):
  File "/usr/share/miniconda3/envs/quantecon/lib/python3.10/site-packages/jupyter_cache/executors/utils.py", line 58, in single_nb_execution
    executenb(
  File "/usr/share/miniconda3/envs/quantecon/lib/python3.10/site-packages/nbclient/client.py", line 1204, in execute
    return NotebookClient(nb=nb, resources=resources, km=km, **kwargs).execute()
  File "/usr/share/miniconda3/envs/quantecon/lib/python3.10/site-packages/nbclient/util.py", line 84, in wrapped
    return just_run(coro(*args, **kwargs))
  File "/usr/share/miniconda3/envs/quantecon/lib/python3.10/site-packages/nbclient/util.py", line 62, in just_run
    return loop.run_until_complete(coro)
  File "/usr/share/miniconda3/envs/quantecon/lib/python3.10/asyncio/base_events.py", line 649, in run_until_complete
    return future.result()
  File "/usr/share/miniconda3/envs/quantecon/lib/python3.10/site-packages/nbclient/client.py", line 663, in async_execute
    await self.async_execute_cell(
  File "/usr/share/miniconda3/envs/quantecon/lib/python3.10/site-packages/nbclient/client.py", line 965, in async_execute_cell
    await self._check_raise_for_error(cell, cell_index, exec_reply)
  File "/usr/share/miniconda3/envs/quantecon/lib/python3.10/site-packages/nbclient/client.py", line 862, in _check_raise_for_error
    raise CellExecutionError.from_cell_and_msg(cell, exec_reply_content)
nbclient.exceptions.CellExecutionError: An error occurred while executing the following cell:
------------------
ϕ_1, ϕ_2, ϕ_3, ϕ_4 = 0.5, -0.2, 0, 0.5
σ = 0.01
ν = 0.01   # Growth rate

# A matrix should be n x n
A = np.array([[ϕ_1, ϕ_2, ϕ_3, ϕ_4],
              [  1,   0,   0,   0],
              [  0,   1,   0,   0],
              [  0,   0,   1,   0]])

# B matrix should be n x k
B = np.array([[σ, 0, 0, 0]]).T

D = np.array([1, 0, 0, 0]) @ A
F = np.array([1, 0, 0, 0]) @ B

amf = AMF_LSS_VAR(A, B, D, F, ν=ν)

T = 150
x, y = amf.lss.simulate(T)

fig, ax = plt.subplots(2, 1, figsize=(10, 9))

ax[0].plot(np.arange(T), y[amf.nx, :], color='k')
ax[0].set_title('Path of $y_t$')
ax[1].plot(np.arange(T), y[0, :], color='g')
ax[1].axhline(0, color='k', linestyle='-.')
ax[1].set_title('Associated path of $x_t$')
plt.show()
------------------

[0;31m---------------------------------------------------------------------------[0m
[0;31mAttributeError[0m                            Traceback (most recent call last)
Cell [0;32mIn[5], line 17[0m
[1;32m     14[0m D [38;5;241m=[39m np[38;5;241m.[39marray([[38;5;241m1[39m, [38;5;241m0[39m, [38;5;241m0[39m, [38;5;241m0[39m]) [38;5;241m@[39m A
[1;32m     15[0m F [38;5;241m=[39m np[38;5;241m.[39marray([[38;5;241m1[39m, [38;5;241m0[39m, [38;5;241m0[39m, [38;5;241m0[39m]) [38;5;241m@[39m B
[0;32m---> 17[0m amf [38;5;241m=[39m [43mAMF_LSS_VAR[49m[43m([49m[43mA[49m[43m,[49m[43m [49m[43mB[49m[43m,[49m[43m [49m[43mD[49m[43m,[49m[43m [49m[43mF[49m[43m,[49m[43m [49m[43mν[49m[38;5;241;43m=[39;49m[43mν[49m[43m)[49m
[1;32m     19[0m T [38;5;241m=[39m [38;5;241m150[39m
[1;32m     20[0m x, y [38;5;241m=[39m amf[38;5;241m.[39mlss[38;5;241m.[39msimulate(T)

Cell [0;32mIn[3], line 47[0m, in [0;36mAMF_LSS_VAR.__init__[0;34m(self, A, B, D, F, ν)[0m
[1;32m     44[0m     [38;5;28;01mraise[39;00m [38;5;167;01mValueError[39;00m([38;5;124m"[39m[38;5;124mThe dimension of ν is inconsistent with D![39m[38;5;124m"[39m)
[1;32m     46[0m [38;5;66;03m# Construct BIG state space representation[39;00m
[0;32m---> 47[0m [38;5;28mself[39m[38;5;241m.[39mlss [38;5;241m=[39m [38;5;28;43mself[39;49m[38;5;241;43m.[39;49m[43mconstruct_ss[49m[43m([49m[43m)[49m

Cell [0;32mIn[3], line 105[0m, in [0;36mAMF_LSS_VAR.construct_ss[0;34m(self)[0m
[1;32m    103[0m x0 [38;5;241m=[39m np[38;5;241m.[39mhstack([[38;5;241m1[39m, [38;5;241m0[39m, nx0r, ny0r, ny0r])
[1;32m    104[0m S0 [38;5;241m=[39m np[38;5;241m.[39mzeros(([38;5;28mlen[39m(x0), [38;5;28mlen[39m(x0)))
[0;32m--> 105[0m lss [38;5;241m=[39m [43mqe[49m[38;5;241;43m.[39;49m[43mlss[49m[38;5;241m.[39mLinearStateSpace(Abar, Bbar, Gbar, Hbar, mu_0[38;5;241m=[39mx0, Sigma_0[38;5;241m=[39mS0)
[1;32m    107[0m [38;5;28;01mreturn[39;00m lss

[0;31mAttributeError[0m: module 'quantecon' has no attribute 'lss'
AttributeError: module 'quantecon' has no attribute 'lss'

