Traceback (most recent call last):
  File "/Users/matthewmckay/anaconda3/envs/lecture-python-advanced/lib/python3.8/site-packages/jupyter_cache/executors/utils.py", line 51, in single_nb_execution
    executenb(
  File "/Users/matthewmckay/anaconda3/envs/lecture-python-advanced/lib/python3.8/site-packages/nbclient/client.py", line 1087, in execute
    return NotebookClient(nb=nb, resources=resources, km=km, **kwargs).execute()
  File "/Users/matthewmckay/anaconda3/envs/lecture-python-advanced/lib/python3.8/site-packages/nbclient/util.py", line 74, in wrapped
    return just_run(coro(*args, **kwargs))
  File "/Users/matthewmckay/anaconda3/envs/lecture-python-advanced/lib/python3.8/site-packages/nbclient/util.py", line 53, in just_run
    return loop.run_until_complete(coro)
  File "/Users/matthewmckay/anaconda3/envs/lecture-python-advanced/lib/python3.8/asyncio/base_events.py", line 616, in run_until_complete
    return future.result()
  File "/Users/matthewmckay/anaconda3/envs/lecture-python-advanced/lib/python3.8/site-packages/nbclient/client.py", line 540, in async_execute
    await self.async_execute_cell(
  File "/Users/matthewmckay/anaconda3/envs/lecture-python-advanced/lib/python3.8/site-packages/nbclient/client.py", line 832, in async_execute_cell
    self._check_raise_for_error(cell, exec_reply)
  File "/Users/matthewmckay/anaconda3/envs/lecture-python-advanced/lib/python3.8/site-packages/nbclient/client.py", line 740, in _check_raise_for_error
    raise CellExecutionError.from_cell_and_msg(cell, exec_reply['content'])
nbclient.exceptions.CellExecutionError: An error occurred while executing the following cell:
------------------
ch1 = ChangModel(β=0.3, mbar=30, h_min=0.9, h_max=2, n_h=8, n_m=35, N_g=10)
ch1.solve_sustainable()
------------------

[0;31m---------------------------------------------------------------------------[0m
[0;31mValueError[0m                                Traceback (most recent call last)
[0;32m<ipython-input-4-d19a06b35f4c>[0m in [0;36m<module>[0;34m[0m
[1;32m      1[0m [0mch1[0m [0;34m=[0m [0mChangModel[0m[0;34m([0m[0mβ[0m[0;34m=[0m[0;36m0.3[0m[0;34m,[0m [0mmbar[0m[0;34m=[0m[0;36m30[0m[0;34m,[0m [0mh_min[0m[0;34m=[0m[0;36m0.9[0m[0;34m,[0m [0mh_max[0m[0;34m=[0m[0;36m2[0m[0;34m,[0m [0mn_h[0m[0;34m=[0m[0;36m8[0m[0;34m,[0m [0mn_m[0m[0;34m=[0m[0;36m35[0m[0;34m,[0m [0mN_g[0m[0;34m=[0m[0;36m10[0m[0;34m)[0m[0;34m[0m[0;34m[0m[0m
[0;32m----> 2[0;31m [0mch1[0m[0;34m.[0m[0msolve_sustainable[0m[0;34m([0m[0;34m)[0m[0;34m[0m[0;34m[0m[0m
[0m
[0;32m<ipython-input-3-04bea48ab06f>[0m in [0;36msolve_sustainable[0;34m(self, tol, max_iter)[0m
[1;32m    269[0m             [0miters[0m [0;34m=[0m [0miters[0m [0;34m+[0m [0;36m1[0m[0;34m[0m[0;34m[0m[0m
[1;32m    270[0m             [0mself[0m[0;34m.[0m[0msolve_worst_spe[0m[0;34m([0m[0;34m)[0m[0;34m[0m[0;34m[0m[0m
[0;32m--> 271[0;31m             [0mself[0m[0;34m.[0m[0msolve_subgradient[0m[0;34m([0m[0;34m)[0m[0;34m[0m[0;34m[0m[0m
[0m[1;32m    272[0m             diff = max(np.maximum(abs(self.c0_c - self.c1_c),
[1;32m    273[0m                        abs(self.c0_s - self.c1_s)))

[0;32m<ipython-input-3-04bea48ab06f>[0m in [0;36msolve_subgradient[0;34m(self)[0m
[1;32m    229[0m                         [0mbineq_S[0m[0;34m[[0m[0;34m-[0m[0;36m1[0m[0;34m][0m [0;34m=[0m [0mself[0m[0;34m.[0m[0mu_vec[0m[0;34m[[0m[0mj[0m[0;34m][0m [0;34m-[0m [0mself[0m[0;34m.[0m[0mbr_z[0m[0;34m[0m[0;34m[0m[0m
[1;32m    230[0m                         [0mbeq_S[0m [0;34m=[0m [0mself[0m[0;34m.[0m[0meuler_vec[0m[0;34m[[0m[0mj[0m[0;34m][0m[0;34m[0m[0;34m[0m[0m
[0;32m--> 231[0;31m                         res = linprog(c, A_ub=aineq_S, b_ub=bineq_S, A_eq = aeq_S,
[0m[1;32m    232[0m                                       b_eq = beq_S, bounds=(self.w_bnds_s, \
[1;32m    233[0m                                           self.p_bnds_s))

[0;32m~/anaconda3/envs/lecture-python-advanced/lib/python3.8/site-packages/scipy/optimize/_linprog.py[0m in [0;36mlinprog[0;34m(c, A_ub, b_ub, A_eq, b_eq, bounds, method, callback, options, x0)[0m
[1;32m    558[0m     [0mdisp[0m [0;34m=[0m [0msolver_options[0m[0;34m.[0m[0mget[0m[0;34m([0m[0;34m'disp'[0m[0;34m,[0m [0;32mFalse[0m[0;34m)[0m[0;34m[0m[0;34m[0m[0m
[1;32m    559[0m [0;34m[0m[0m
[0;32m--> 560[0;31m     x, fun, slack, con, status, message = _postprocess(x, postsolve_args,
[0m[1;32m    561[0m                                                        [0mcomplete[0m[0;34m,[0m [0mstatus[0m[0;34m,[0m[0;34m[0m[0;34m[0m[0m
[1;32m    562[0m                                                        [0mmessage[0m[0;34m,[0m [0mtol[0m[0;34m,[0m[0;34m[0m[0;34m[0m[0m

[0;32m~/anaconda3/envs/lecture-python-advanced/lib/python3.8/site-packages/scipy/optimize/_linprog_util.py[0m in [0;36m_postprocess[0;34m(x, postsolve_args, complete, status, message, tol, iteration, disp)[0m
[1;32m   1536[0m     )
[1;32m   1537[0m [0;34m[0m[0m
[0;32m-> 1538[0;31m     status, message = _check_result(
[0m[1;32m   1539[0m         [0mx[0m[0;34m,[0m [0mfun[0m[0;34m,[0m [0mstatus[0m[0;34m,[0m [0mslack[0m[0;34m,[0m [0mcon[0m[0;34m,[0m[0;34m[0m[0;34m[0m[0m
[1;32m   1540[0m         [0mbounds[0m[0;34m,[0m [0mtol[0m[0;34m,[0m [0mmessage[0m[0;34m[0m[0;34m[0m[0m

[0;32m~/anaconda3/envs/lecture-python-advanced/lib/python3.8/site-packages/scipy/optimize/_linprog_util.py[0m in [0;36m_check_result[0;34m(x, fun, status, slack, con, bounds, tol, message)[0m
[1;32m   1451[0m         [0;31m# nearly basic feasible solution. Postsolving can make the solution[0m[0;34m[0m[0;34m[0m[0;34m[0m[0m
[1;32m   1452[0m         [0;31m# basic, however, this solution is NOT optimal[0m[0;34m[0m[0;34m[0m[0;34m[0m[0m
[0;32m-> 1453[0;31m         [0;32mraise[0m [0mValueError[0m[0;34m([0m[0mmessage[0m[0;34m)[0m[0;34m[0m[0;34m[0m[0m
[0m[1;32m   1454[0m [0;34m[0m[0m
[1;32m   1455[0m     [0;32mreturn[0m [0mstatus[0m[0;34m,[0m [0mmessage[0m[0;34m[0m[0;34m[0m[0m

[0;31mValueError[0m: The algorithm terminated successfully and determined that the problem is infeasible.
ValueError: The algorithm terminated successfully and determined that the problem is infeasible.

