Traceback (most recent call last):
  File "/usr/share/miniconda3/envs/quantecon/lib/python3.10/site-packages/jupyter_cache/executors/utils.py", line 58, in single_nb_execution
    executenb(
  File "/usr/share/miniconda3/envs/quantecon/lib/python3.10/site-packages/nbclient/client.py", line 1204, in execute
    return NotebookClient(nb=nb, resources=resources, km=km, **kwargs).execute()
  File "/usr/share/miniconda3/envs/quantecon/lib/python3.10/site-packages/nbclient/util.py", line 84, in wrapped
    return just_run(coro(*args, **kwargs))
  File "/usr/share/miniconda3/envs/quantecon/lib/python3.10/site-packages/nbclient/util.py", line 62, in just_run
    return loop.run_until_complete(coro)
  File "/usr/share/miniconda3/envs/quantecon/lib/python3.10/asyncio/base_events.py", line 649, in run_until_complete
    return future.result()
  File "/usr/share/miniconda3/envs/quantecon/lib/python3.10/site-packages/nbclient/client.py", line 663, in async_execute
    await self.async_execute_cell(
  File "/usr/share/miniconda3/envs/quantecon/lib/python3.10/site-packages/nbclient/client.py", line 965, in async_execute_cell
    await self._check_raise_for_error(cell, cell_index, exec_reply)
  File "/usr/share/miniconda3/envs/quantecon/lib/python3.10/site-packages/nbclient/client.py", line 862, in _check_raise_for_error
    raise CellExecutionError.from_cell_and_msg(cell, exec_reply_content)
nbclient.exceptions.CellExecutionError: An error occurred while executing the following cell:
------------------
# Model parameters

a_0 = 100
a_1 = 0.5
Ï = 0.9
Ïƒ_d = 0.05
Î² = 0.95
c = 2
Î³ = 50.0

Î¸ = 0.002
ac = (a_0 - c) / 2.0

# Define LQ matrices

R = np.array([[0.,   ac,   0.],
            [ac, -a_1,  0.5],
            [0.,  0.5,  0.]])

R = -R  # For minimization
Q = Î³ / 2

A = np.array([[1., 0., 0.],
            [0., 1., 0.],
            [0., 0., Ï]])
B = np.array([[0.],
            [1.],
            [0.]])
C = np.array([[0.],
            [0.],
            [Ïƒ_d]])

# ----------------------------------------------------------------------- #
#                                 Functions
# ----------------------------------------------------------------------- #


def evaluate_policy(Î¸, F):

    """
    Given Î¸ (scalar, dtype=float) and policy F (array_like), returns the
    value associated with that policy under the worst case path for {w_t},
    as well as the entropy level.
    """

    rlq = qe.robustlq.RBLQ(Q, R, A, B, C, Î², Î¸)
    K_F, P_F, d_F, O_F, o_F = rlq.evaluate_F(F)
    x0 = np.array([[1.], [0.], [0.]])
    value = - x0.T @ P_F @ x0 - d_F
    entropy = x0.T @ O_F @ x0 + o_F
    return list(map(float, (value, entropy)))


def value_and_entropy(emax, F, bw, grid_size=1000):

    """
    Compute the value function and entropy levels for a Î¸ path
    increasing until it reaches the specified target entropy value.

    Parameters
    ==========
    emax: scalar
        The target entropy value

    F: array_like
        The policy function to be evaluated

    bw: str
        A string specifying whether the implied shock path follows best
        or worst assumptions. The only acceptable values are 'best' and
        'worst'.

    Returns
    =======
    df: pd.DataFrame
        A pandas DataFrame containing the value function and entropy
        values up to the emax parameter. The columns are 'value' and
        'entropy'.
    """

    if bw == 'worst':
        Î¸s = 1 / np.linspace(1e-8, 1000, grid_size)
    else:
        Î¸s = -1 / np.linspace(1e-8, 1000, grid_size)

    df = pd.DataFrame(index=Î¸s, columns=('value', 'entropy'))

    for Î¸ in Î¸s:
        df.loc[Î¸] = evaluate_policy(Î¸, F)
        if df.loc[Î¸, 'entropy'] >= emax:
            break

    df = df.dropna(how='any')
    return df


# ------------------------------------------------------------------------ #
#                                    Main
# ------------------------------------------------------------------------ #


# Compute the optimal rule
optimal_lq = qe.lqcontrol.LQ(Q, R, A, B, C, beta=Î²)
Po, Fo, do = optimal_lq.stationary_values()

# Compute a robust rule given Î¸
baseline_robust = qe.robustlq.RBLQ(Q, R, A, B, C, Î², Î¸)
Fb, Kb, Pb = baseline_robust.robust_rule()

# Check the positive definiteness of worst-case covariance matrix to
# ensure that Î¸ exceeds the breakdown point
test_matrix = np.identity(Pb.shape[0]) - (C.T @ Pb @ C) / Î¸
eigenvals, eigenvecs = eig(test_matrix)
assert (eigenvals >= 0).all(), 'Î¸ below breakdown point.'


emax = 1.6e6

optimal_best_case = value_and_entropy(emax, Fo, 'best')
robust_best_case = value_and_entropy(emax, Fb, 'best')
optimal_worst_case = value_and_entropy(emax, Fo, 'worst')
robust_worst_case = value_and_entropy(emax, Fb, 'worst')

fig, ax = plt.subplots()

ax.set_xlim(0, emax)
ax.set_ylabel("Value")
ax.set_xlabel("Entropy")
ax.grid()

for axis in 'x', 'y':
    plt.ticklabel_format(style='sci', axis=axis, scilimits=(0, 0))

plot_args = {'lw': 2, 'alpha': 0.7}

colors = 'r', 'b'

df_pairs = ((optimal_best_case, optimal_worst_case),
            (robust_best_case, robust_worst_case))


class Curve:

    def __init__(self, x, y):
        self.x, self.y = x, y

    def __call__(self, z):
        return np.interp(z, self.x, self.y)


for c, df_pair in zip(colors, df_pairs):
    curves = []
    for df in df_pair:
        # Plot curves
        x, y = df['entropy'], df['value']
        x, y = (np.asarray(a, dtype='float') for a in (x, y))
        egrid = np.linspace(0, emax, 100)
        curve = Curve(x, y)
        print(ax.plot(egrid, curve(egrid), color=c, **plot_args))
        curves.append(curve)
    # Color fill between curves
    ax.fill_between(egrid,
                    curves[0](egrid),
                    curves[1](egrid),
                    color=c, alpha=0.1)

plt.show()
------------------

[0;31m---------------------------------------------------------------------------[0m
[0;31mAttributeError[0m                            Traceback (most recent call last)
Cell [0;32mIn[3], line 103[0m
[1;32m     94[0m     [38;5;28;01mreturn[39;00m df
[1;32m     97[0m [38;5;66;03m# ------------------------------------------------------------------------ #[39;00m
[1;32m     98[0m [38;5;66;03m#                                    Main[39;00m
[1;32m     99[0m [38;5;66;03m# ------------------------------------------------------------------------ #[39;00m
[1;32m    100[0m 
[1;32m    101[0m 
[1;32m    102[0m [38;5;66;03m# Compute the optimal rule[39;00m
[0;32m--> 103[0m optimal_lq [38;5;241m=[39m [43mqe[49m[38;5;241;43m.[39;49m[43mlqcontrol[49m[38;5;241m.[39mLQ(Q, R, A, B, C, beta[38;5;241m=[39mÎ²)
[1;32m    104[0m Po, Fo, do [38;5;241m=[39m optimal_lq[38;5;241m.[39mstationary_values()
[1;32m    106[0m [38;5;66;03m# Compute a robust rule given Î¸[39;00m

[0;31mAttributeError[0m: module 'quantecon' has no attribute 'lqcontrol'
AttributeError: module 'quantecon' has no attribute 'lqcontrol'

